2017-08-02 20:22:21.501  INFO 7772 --- [main] com.example.demo.MailApplicationTests    : Starting MailApplicationTests on 240-huxu with PID 7772 (started by Administrator in F:\Learn\project4\spring-boot-samples\spring-boot-samples-mail)
2017-08-02 20:22:21.502  INFO 7772 --- [main] com.example.demo.MailApplicationTests    : No active profile set, falling back to default profiles: default
2017-08-02 20:22:21.530  INFO 7772 --- [main] o.s.w.c.s.GenericWebApplicationContext   : Refreshing org.springframework.web.context.support.GenericWebApplicationContext@696da30b: startup date [Wed Aug 02 20:22:21 CST 2017]; root of context hierarchy
2017-08-02 20:22:22.953  INFO 7772 --- [main] s.w.s.m.m.a.RequestMappingHandlerAdapter : Looking for @ControllerAdvice: org.springframework.web.context.support.GenericWebApplicationContext@696da30b: startup date [Wed Aug 02 20:22:21 CST 2017]; root of context hierarchy
2017-08-02 20:22:23.026  INFO 7772 --- [main] s.w.s.m.m.a.RequestMappingHandlerMapping : Mapped "{[/error]}" onto public org.springframework.http.ResponseEntity<java.util.Map<java.lang.String, java.lang.Object>> org.springframework.boot.autoconfigure.web.BasicErrorController.error(javax.servlet.http.HttpServletRequest)
2017-08-02 20:22:23.027  INFO 7772 --- [main] s.w.s.m.m.a.RequestMappingHandlerMapping : Mapped "{[/error],produces=[text/html]}" onto public org.springframework.web.servlet.ModelAndView org.springframework.boot.autoconfigure.web.BasicErrorController.errorHtml(javax.servlet.http.HttpServletRequest,javax.servlet.http.HttpServletResponse)
2017-08-02 20:22:23.049  INFO 7772 --- [main] o.s.w.s.handler.SimpleUrlHandlerMapping  : Mapped URL path [/webjars/**] onto handler of type [class org.springframework.web.servlet.resource.ResourceHttpRequestHandler]
2017-08-02 20:22:23.049  INFO 7772 --- [main] o.s.w.s.handler.SimpleUrlHandlerMapping  : Mapped URL path [/**] onto handler of type [class org.springframework.web.servlet.resource.ResourceHttpRequestHandler]
2017-08-02 20:22:23.078  INFO 7772 --- [main] o.s.w.s.handler.SimpleUrlHandlerMapping  : Mapped URL path [/**/favicon.ico] onto handler of type [class org.springframework.web.servlet.resource.ResourceHttpRequestHandler]
2017-08-02 20:22:23.187  INFO 7772 --- [main] com.example.demo.MailApplicationTests    : Started MailApplicationTests in 2.119 seconds (JVM running for 2.743)
2017-08-02 20:22:23.269 ERROR 7772 --- [main] com.example.demo.MailServiceImpl         : 发送简单邮件时发生异常！

org.springframework.mail.MailSendException: Mail server connection failed; nested exception is com.sun.mail.util.MailConnectException: Couldn't connect to host, port: hellohuxu@qq.com, 25; timeout -1;
  nested exception is:
	java.net.UnknownHostException: hellohuxu@qq.com. Failed messages: com.sun.mail.util.MailConnectException: Couldn't connect to host, port: hellohuxu@qq.com, 25; timeout -1;
  nested exception is:
	java.net.UnknownHostException: hellohuxu@qq.com
	at org.springframework.mail.javamail.JavaMailSenderImpl.doSend(JavaMailSenderImpl.java:432)
	at org.springframework.mail.javamail.JavaMailSenderImpl.send(JavaMailSenderImpl.java:307)
	at org.springframework.mail.javamail.JavaMailSenderImpl.send(JavaMailSenderImpl.java:296)
	at com.example.demo.MailServiceImpl.sendSimpleMail(MailServiceImpl.java:34)
	at com.example.demo.MailApplicationTests.testSimpleMail(MailApplicationTests.java:22)
	at sun.reflect.NativeMethodAccessorImpl.invoke0(Native Method)
	at sun.reflect.NativeMethodAccessorImpl.invoke(NativeMethodAccessorImpl.java:62)
	at sun.reflect.DelegatingMethodAccessorImpl.invoke(DelegatingMethodAccessorImpl.java:43)
	at java.lang.reflect.Method.invoke(Method.java:497)
	at org.junit.runners.model.FrameworkMethod$1.runReflectiveCall(FrameworkMethod.java:50)
	at org.junit.internal.runners.model.ReflectiveCallable.run(ReflectiveCallable.java:12)
	at org.junit.runners.model.FrameworkMethod.invokeExplosively(FrameworkMethod.java:47)
	at org.junit.internal.runners.statements.InvokeMethod.evaluate(InvokeMethod.java:17)
	at org.springframework.test.context.junit4.statements.RunBeforeTestMethodCallbacks.evaluate(RunBeforeTestMethodCallbacks.java:75)
	at org.springframework.test.context.junit4.statements.RunAfterTestMethodCallbacks.evaluate(RunAfterTestMethodCallbacks.java:86)
	at org.springframework.test.context.junit4.statements.SpringRepeat.evaluate(SpringRepeat.java:84)
	at org.junit.runners.ParentRunner.runLeaf(ParentRunner.java:325)
	at org.springframework.test.context.junit4.SpringJUnit4ClassRunner.runChild(SpringJUnit4ClassRunner.java:252)
	at org.springframework.test.context.junit4.SpringJUnit4ClassRunner.runChild(SpringJUnit4ClassRunner.java:94)
	at org.junit.runners.ParentRunner$3.run(ParentRunner.java:290)
	at org.junit.runners.ParentRunner$1.schedule(ParentRunner.java:71)
	at org.junit.runners.ParentRunner.runChildren(ParentRunner.java:288)
	at org.junit.runners.ParentRunner.access$000(ParentRunner.java:58)
	at org.junit.runners.ParentRunner$2.evaluate(ParentRunner.java:268)
	at org.springframework.test.context.junit4.statements.RunBeforeTestClassCallbacks.evaluate(RunBeforeTestClassCallbacks.java:61)
	at org.springframework.test.context.junit4.statements.RunAfterTestClassCallbacks.evaluate(RunAfterTestClassCallbacks.java:70)
	at org.junit.runners.ParentRunner.run(ParentRunner.java:363)
	at org.springframework.test.context.junit4.SpringJUnit4ClassRunner.run(SpringJUnit4ClassRunner.java:191)
	at org.junit.runner.JUnitCore.run(JUnitCore.java:137)
	at com.intellij.junit4.JUnit4IdeaTestRunner.startRunnerWithArgs(JUnit4IdeaTestRunner.java:68)
	at com.intellij.rt.execution.junit.IdeaTestRunner$Repeater.startRunnerWithArgs(IdeaTestRunner.java:51)
	at com.intellij.rt.execution.junit.JUnitStarter.prepareStreamsAndStart(JUnitStarter.java:242)
	at com.intellij.rt.execution.junit.JUnitStarter.main(JUnitStarter.java:70)
Caused by: com.sun.mail.util.MailConnectException: Couldn't connect to host, port: hellohuxu@qq.com, 25; timeout -1
	at com.sun.mail.smtp.SMTPTransport.openServer(SMTPTransport.java:2118)
	at com.sun.mail.smtp.SMTPTransport.protocolConnect(SMTPTransport.java:712)
	at javax.mail.Service.connect(Service.java:366)
	at org.springframework.mail.javamail.JavaMailSenderImpl.connectTransport(JavaMailSenderImpl.java:501)
	at org.springframework.mail.javamail.JavaMailSenderImpl.doSend(JavaMailSenderImpl.java:421)
	... 32 common frames omitted
Caused by: java.net.UnknownHostException: hellohuxu@qq.com
	at java.net.AbstractPlainSocketImpl.connect(AbstractPlainSocketImpl.java:184)
	at java.net.PlainSocketImpl.connect(PlainSocketImpl.java:172)
	at java.net.SocksSocketImpl.connect(SocksSocketImpl.java:392)
	at java.net.Socket.connect(Socket.java:589)
	at java.net.Socket.connect(Socket.java:538)
	at com.sun.mail.util.SocketFetcher.createSocket(SocketFetcher.java:331)
	at com.sun.mail.util.SocketFetcher.getSocket(SocketFetcher.java:238)
	at com.sun.mail.smtp.SMTPTransport.openServer(SMTPTransport.java:2084)
	... 36 common frames omitted

2017-08-02 20:22:23.279  INFO 7772 --- [Thread-2] o.s.w.c.s.GenericWebApplicationContext   : Closing org.springframework.web.context.support.GenericWebApplicationContext@696da30b: startup date [Wed Aug 02 20:22:21 CST 2017]; root of context hierarchy
2017-08-02 20:22:28.574  INFO 5764 --- [main] com.example.demo.MailApplicationTests    : Starting MailApplicationTests on 240-huxu with PID 5764 (started by Administrator in F:\Learn\project4\spring-boot-samples\spring-boot-samples-mail)
2017-08-02 20:22:28.575  INFO 5764 --- [main] com.example.demo.MailApplicationTests    : No active profile set, falling back to default profiles: default
2017-08-02 20:22:28.612  INFO 5764 --- [main] o.s.w.c.s.GenericWebApplicationContext   : Refreshing org.springframework.web.context.support.GenericWebApplicationContext@294a6b8e: startup date [Wed Aug 02 20:22:28 CST 2017]; root of context hierarchy
2017-08-02 20:22:30.154  INFO 5764 --- [main] s.w.s.m.m.a.RequestMappingHandlerAdapter : Looking for @ControllerAdvice: org.springframework.web.context.support.GenericWebApplicationContext@294a6b8e: startup date [Wed Aug 02 20:22:28 CST 2017]; root of context hierarchy
2017-08-02 20:22:30.220  INFO 5764 --- [main] s.w.s.m.m.a.RequestMappingHandlerMapping : Mapped "{[/error]}" onto public org.springframework.http.ResponseEntity<java.util.Map<java.lang.String, java.lang.Object>> org.springframework.boot.autoconfigure.web.BasicErrorController.error(javax.servlet.http.HttpServletRequest)
2017-08-02 20:22:30.222  INFO 5764 --- [main] s.w.s.m.m.a.RequestMappingHandlerMapping : Mapped "{[/error],produces=[text/html]}" onto public org.springframework.web.servlet.ModelAndView org.springframework.boot.autoconfigure.web.BasicErrorController.errorHtml(javax.servlet.http.HttpServletRequest,javax.servlet.http.HttpServletResponse)
2017-08-02 20:22:30.256  INFO 5764 --- [main] o.s.w.s.handler.SimpleUrlHandlerMapping  : Mapped URL path [/webjars/**] onto handler of type [class org.springframework.web.servlet.resource.ResourceHttpRequestHandler]
2017-08-02 20:22:30.257  INFO 5764 --- [main] o.s.w.s.handler.SimpleUrlHandlerMapping  : Mapped URL path [/**] onto handler of type [class org.springframework.web.servlet.resource.ResourceHttpRequestHandler]
2017-08-02 20:22:30.294  INFO 5764 --- [main] o.s.w.s.handler.SimpleUrlHandlerMapping  : Mapped URL path [/**/favicon.ico] onto handler of type [class org.springframework.web.servlet.resource.ResourceHttpRequestHandler]
2017-08-02 20:22:30.493  INFO 5764 --- [main] com.example.demo.MailApplicationTests    : Started MailApplicationTests in 2.535 seconds (JVM running for 3.268)
2017-08-02 20:23:23.505 ERROR 5764 --- [main] com.example.demo.MailServiceImpl         : 发送简单邮件时发生异常！

org.springframework.mail.MailSendException: Mail server connection failed; nested exception is com.sun.mail.util.MailConnectException: Couldn't connect to host, port: hellohuxu@qq.com, 25; timeout -1;
  nested exception is:
	java.net.UnknownHostException: hellohuxu@qq.com. Failed messages: com.sun.mail.util.MailConnectException: Couldn't connect to host, port: hellohuxu@qq.com, 25; timeout -1;
  nested exception is:
	java.net.UnknownHostException: hellohuxu@qq.com
	at org.springframework.mail.javamail.JavaMailSenderImpl.doSend(JavaMailSenderImpl.java:432)
	at org.springframework.mail.javamail.JavaMailSenderImpl.send(JavaMailSenderImpl.java:307)
	at org.springframework.mail.javamail.JavaMailSenderImpl.send(JavaMailSenderImpl.java:296)
	at com.example.demo.MailServiceImpl.sendSimpleMail(MailServiceImpl.java:34)
	at com.example.demo.MailApplicationTests.testSimpleMail(MailApplicationTests.java:22)
	at sun.reflect.NativeMethodAccessorImpl.invoke0(Native Method)
	at sun.reflect.NativeMethodAccessorImpl.invoke(NativeMethodAccessorImpl.java:62)
	at sun.reflect.DelegatingMethodAccessorImpl.invoke(DelegatingMethodAccessorImpl.java:43)
	at java.lang.reflect.Method.invoke(Method.java:497)
	at org.junit.runners.model.FrameworkMethod$1.runReflectiveCall(FrameworkMethod.java:50)
	at org.junit.internal.runners.model.ReflectiveCallable.run(ReflectiveCallable.java:12)
	at org.junit.runners.model.FrameworkMethod.invokeExplosively(FrameworkMethod.java:47)
	at org.junit.internal.runners.statements.InvokeMethod.evaluate(InvokeMethod.java:17)
	at org.springframework.test.context.junit4.statements.RunBeforeTestMethodCallbacks.evaluate(RunBeforeTestMethodCallbacks.java:75)
	at org.springframework.test.context.junit4.statements.RunAfterTestMethodCallbacks.evaluate(RunAfterTestMethodCallbacks.java:86)
	at org.springframework.test.context.junit4.statements.SpringRepeat.evaluate(SpringRepeat.java:84)
	at org.junit.runners.ParentRunner.runLeaf(ParentRunner.java:325)
	at org.springframework.test.context.junit4.SpringJUnit4ClassRunner.runChild(SpringJUnit4ClassRunner.java:252)
	at org.springframework.test.context.junit4.SpringJUnit4ClassRunner.runChild(SpringJUnit4ClassRunner.java:94)
	at org.junit.runners.ParentRunner$3.run(ParentRunner.java:290)
	at org.junit.runners.ParentRunner$1.schedule(ParentRunner.java:71)
	at org.junit.runners.ParentRunner.runChildren(ParentRunner.java:288)
	at org.junit.runners.ParentRunner.access$000(ParentRunner.java:58)
	at org.junit.runners.ParentRunner$2.evaluate(ParentRunner.java:268)
	at org.springframework.test.context.junit4.statements.RunBeforeTestClassCallbacks.evaluate(RunBeforeTestClassCallbacks.java:61)
	at org.springframework.test.context.junit4.statements.RunAfterTestClassCallbacks.evaluate(RunAfterTestClassCallbacks.java:70)
	at org.junit.runners.ParentRunner.run(ParentRunner.java:363)
	at org.springframework.test.context.junit4.SpringJUnit4ClassRunner.run(SpringJUnit4ClassRunner.java:191)
	at org.junit.runner.JUnitCore.run(JUnitCore.java:137)
	at com.intellij.junit4.JUnit4IdeaTestRunner.startRunnerWithArgs(JUnit4IdeaTestRunner.java:68)
	at com.intellij.rt.execution.junit.IdeaTestRunner$Repeater.startRunnerWithArgs(IdeaTestRunner.java:51)
	at com.intellij.rt.execution.junit.JUnitStarter.prepareStreamsAndStart(JUnitStarter.java:242)
	at com.intellij.rt.execution.junit.JUnitStarter.main(JUnitStarter.java:70)
Caused by: com.sun.mail.util.MailConnectException: Couldn't connect to host, port: hellohuxu@qq.com, 25; timeout -1
	at com.sun.mail.smtp.SMTPTransport.openServer(SMTPTransport.java:2118)
	at com.sun.mail.smtp.SMTPTransport.protocolConnect(SMTPTransport.java:712)
	at javax.mail.Service.connect(Service.java:366)
	at org.springframework.mail.javamail.JavaMailSenderImpl.connectTransport(JavaMailSenderImpl.java:501)
	at org.springframework.mail.javamail.JavaMailSenderImpl.doSend(JavaMailSenderImpl.java:421)
	... 32 common frames omitted
Caused by: java.net.UnknownHostException: hellohuxu@qq.com
	at java.net.AbstractPlainSocketImpl.connect(AbstractPlainSocketImpl.java:184)
	at java.net.PlainSocketImpl.connect(PlainSocketImpl.java:172)
	at java.net.SocksSocketImpl.connect(SocksSocketImpl.java:392)
	at java.net.Socket.connect(Socket.java:589)
	at java.net.Socket.connect(Socket.java:538)
	at com.sun.mail.util.SocketFetcher.createSocket(SocketFetcher.java:331)
	at com.sun.mail.util.SocketFetcher.getSocket(SocketFetcher.java:238)
	at com.sun.mail.smtp.SMTPTransport.openServer(SMTPTransport.java:2084)
	... 36 common frames omitted

2017-08-02 20:23:23.512  INFO 5764 --- [Thread-2] o.s.w.c.s.GenericWebApplicationContext   : Closing org.springframework.web.context.support.GenericWebApplicationContext@294a6b8e: startup date [Wed Aug 02 20:22:28 CST 2017]; root of context hierarchy
